<?xml version="1.0" encoding="UTF-8"?>
<testng-results skipped="0" failed="0" total="1" passed="1">
  <reporter-output>
  </reporter-output>
  <suite name="Suite" duration-ms="35948" started-at="2023-07-27T07:48:12Z" finished-at="2023-07-27T07:48:48Z">
    <groups>
    </groups>
    <test name="Test" duration-ms="35948" started-at="2023-07-27T07:48:12Z" finished-at="2023-07-27T07:48:48Z">
      <class name="logExampleTestNG.NOPCommApp">
        <test-method status="PASS" signature="launchApp()[pri:0, instance:logExampleTestNG.NOPCommApp@23986957]" name="launchApp" is-config="true" duration-ms="10358" started-at="2023-07-27T00:48:12Z" finished-at="2023-07-27T00:48:22Z">
          <reporter-output>
          </reporter-output>
        </test-method> <!-- launchApp -->
        <test-method status="PASS" signature="verifyLoginTest()[pri:0, instance:logExampleTestNG.NOPCommApp@23986957]" name="verifyLoginTest" duration-ms="20357" started-at="2023-07-27T00:48:22Z" finished-at="2023-07-27T00:48:43Z">
          <reporter-output>
          </reporter-output>
        </test-method> <!-- verifyLoginTest -->
        <test-method status="PASS" signature="closingApp()[pri:0, instance:logExampleTestNG.NOPCommApp@23986957]" name="closingApp" is-config="true" duration-ms="5219" started-at="2023-07-27T00:48:43Z" finished-at="2023-07-27T00:48:48Z">
          <reporter-output>
          </reporter-output>
        </test-method> <!-- closingApp -->
      </class> <!-- logExampleTestNG.NOPCommApp -->
    </test> <!-- Test -->
  </suite> <!-- Suite -->
</testng-results>
